<testsuite tests="24">
  <testcase classname="BodyPartCanvasController_Test" name="makeData" time="326" />
  <testcase classname="BodyPartCanvasController_Test" name="testSaveFile" time="481" />
  <testcase classname="BodyPartNamer_Test" name="makeData" time="174" />
  <testcase classname="BodyPartNamer_Test" name="testAutoName" time="119" />
  <testcase classname="BodyPartNamer_Test" name="testAutoNameWithoutArtist" time="43" />
  <testcase classname="BodyPartService_Test" name="makeData" time="276" />
  <testcase classname="BodyPartService_Test" name="testSaveFile" time="485" />
  <testcase classname="BodyPartService_Test" name="testSaveFileWithEmptyFileData" time="17" />
  <testcase classname="CorpseCreator_Test" name="makeData" time="94" />
  <testcase classname="CorpseCreator_Test" name="testGetCorpses" time="241" />
  <testcase classname="CorpseCreator_Test" name="testGetCorpsesWithInvalidUserList" time="33" />
  <testcase classname="TriggerHandler_Test" name="testAfterDelete" time="45" />
  <testcase classname="TriggerHandler_Test" name="testAfterInsert" time="5" />
  <testcase classname="TriggerHandler_Test" name="testAfterUndelete" time="5" />
  <testcase classname="TriggerHandler_Test" name="testAfterUpdate" time="6" />
  <testcase classname="TriggerHandler_Test" name="testBeforeDelete" time="5" />
  <testcase classname="TriggerHandler_Test" name="testBeforeInsert" time="5" />
  <testcase classname="TriggerHandler_Test" name="testBeforeUpdate" time="5" />
  <testcase classname="TriggerHandler_Test" name="testBypassAPI" time="5" />
  <testcase classname="TriggerHandler_Test" name="testGetHandlerName" time="4" />
  <testcase classname="TriggerHandler_Test" name="testLoopCount" time="7" />
  <testcase classname="TriggerHandler_Test" name="testLoopCountClass" time="5" />
  <testcase classname="TriggerHandler_Test" name="testNonTriggerContext" time="6" />
  <testcase classname="TriggerHandler_Test" name="testVirtualMethods" time="5" />
</testsuite>