<testsuite tests="32">
  <testcase classname="BodyPartCanvasController_Test" name="makeData" time="300" />
  <testcase classname="BodyPartCanvasController_Test" name="testSaveFile" time="784" />
  <testcase classname="BodyPartCompletionHandler_Test" name="makeData" time="677" />
  <testcase classname="BodyPartCompletionHandler_Test" name="testCompletedRecord" time="113" />
  <testcase classname="BodyPartNamer_Test" name="makeData" time="75" />
  <testcase classname="BodyPartNamer_Test" name="testAutoName" time="113" />
  <testcase classname="BodyPartNamer_Test" name="testAutoNameWithoutArtist" time="60" />
  <testcase classname="BodyPartService_Test" name="makeData" time="214" />
  <testcase classname="BodyPartService_Test" name="testGetCorpseBodyParts" time="63" />
  <testcase classname="BodyPartService_Test" name="testGetLatestFile" time="379" />
  <testcase classname="BodyPartService_Test" name="testGetLatestFileWithNoFiles" time="19" />
  <testcase classname="BodyPartService_Test" name="testSaveFile" time="435" />
  <testcase classname="BodyPartService_Test" name="testSaveFileWithEmptyFileData" time="12" />
  <testcase classname="CorpseCreator_Test" name="makeData" time="110" />
  <testcase classname="CorpseCreator_Test" name="testGetCorpses" time="297" />
  <testcase classname="CorpseCreator_Test" name="testGetCorpsesWithInvalidUserList" time="38" />
  <testcase classname="ExquisiteCorpseService_Test" name="makeData" time="240" />
  <testcase classname="ExquisiteCorpseService_Test" name="testHandleCompletedCorpses" time="275" />
  <testcase classname="ExquisiteCorpseService_Test" name="testRenameBodyParts" time="144" />
  <testcase classname="TriggerHandler_Test" name="testAfterDelete" time="23" />
  <testcase classname="TriggerHandler_Test" name="testAfterInsert" time="4" />
  <testcase classname="TriggerHandler_Test" name="testAfterUndelete" time="5" />
  <testcase classname="TriggerHandler_Test" name="testAfterUpdate" time="4" />
  <testcase classname="TriggerHandler_Test" name="testBeforeDelete" time="4" />
  <testcase classname="TriggerHandler_Test" name="testBeforeInsert" time="4" />
  <testcase classname="TriggerHandler_Test" name="testBeforeUpdate" time="4" />
  <testcase classname="TriggerHandler_Test" name="testBypassAPI" time="6" />
  <testcase classname="TriggerHandler_Test" name="testGetHandlerName" time="3" />
  <testcase classname="TriggerHandler_Test" name="testLoopCount" time="8" />
  <testcase classname="TriggerHandler_Test" name="testLoopCountClass" time="5" />
  <testcase classname="TriggerHandler_Test" name="testNonTriggerContext" time="5" />
  <testcase classname="TriggerHandler_Test" name="testVirtualMethods" time="4" />
</testsuite>