<testsuite tests="32">
  <testcase classname="BodyPartCanvasController_Test" name="makeData" time="297" />
  <testcase classname="BodyPartCanvasController_Test" name="testSaveFile" time="605" />
  <testcase classname="BodyPartCompletionHandler_Test" name="makeData" time="386" />
  <testcase classname="BodyPartCompletionHandler_Test" name="testCompletedRecord" time="129" />
  <testcase classname="BodyPartNamer_Test" name="makeData" time="81" />
  <testcase classname="BodyPartNamer_Test" name="testAutoName" time="69" />
  <testcase classname="BodyPartNamer_Test" name="testAutoNameWithoutArtist" time="47" />
  <testcase classname="BodyPartService_Test" name="makeData" time="212" />
  <testcase classname="BodyPartService_Test" name="testGetCorpseBodyParts" time="62" />
  <testcase classname="BodyPartService_Test" name="testGetLatestFile" time="452" />
  <testcase classname="BodyPartService_Test" name="testGetLatestFileWithNoFiles" time="14" />
  <testcase classname="BodyPartService_Test" name="testSaveFile" time="367" />
  <testcase classname="BodyPartService_Test" name="testSaveFileWithEmptyFileData" time="14" />
  <testcase classname="CorpseCreator_Test" name="makeData" time="121" />
  <testcase classname="CorpseCreator_Test" name="testGetCorpses" time="185" />
  <testcase classname="CorpseCreator_Test" name="testGetCorpsesWithInvalidUserList" time="36" />
  <testcase classname="ExquisiteCorpseService_Test" name="makeData" time="222" />
  <testcase classname="ExquisiteCorpseService_Test" name="testHandleCompletedCorpses" time="65" />
  <testcase classname="ExquisiteCorpseService_Test" name="testRenameBodyParts" time="147" />
  <testcase classname="TriggerHandler_Test" name="testAfterDelete" time="23" />
  <testcase classname="TriggerHandler_Test" name="testAfterInsert" time="5" />
  <testcase classname="TriggerHandler_Test" name="testAfterUndelete" time="5" />
  <testcase classname="TriggerHandler_Test" name="testAfterUpdate" time="5" />
  <testcase classname="TriggerHandler_Test" name="testBeforeDelete" time="5" />
  <testcase classname="TriggerHandler_Test" name="testBeforeInsert" time="5" />
  <testcase classname="TriggerHandler_Test" name="testBeforeUpdate" time="5" />
  <testcase classname="TriggerHandler_Test" name="testBypassAPI" time="7" />
  <testcase classname="TriggerHandler_Test" name="testGetHandlerName" time="3" />
  <testcase classname="TriggerHandler_Test" name="testLoopCount" time="10" />
  <testcase classname="TriggerHandler_Test" name="testLoopCountClass" time="5" />
  <testcase classname="TriggerHandler_Test" name="testNonTriggerContext" time="4" />
  <testcase classname="TriggerHandler_Test" name="testVirtualMethods" time="4" />
</testsuite>