<testsuite tests="29">
  <testcase classname="BodyPartCanvasController_Test" name="makeData" time="450" />
  <testcase classname="BodyPartCanvasController_Test" name="testSaveFile" time="808" />
  <testcase classname="BodyPartCompletionHandler_Test" name="makeData" time="439" />
  <testcase classname="BodyPartCompletionHandler_Test" name="testCompletedRecord" time="184" />
  <testcase classname="BodyPartNamer_Test" name="makeData" time="115" />
  <testcase classname="BodyPartNamer_Test" name="testAutoName" time="214" />
  <testcase classname="BodyPartNamer_Test" name="testAutoNameWithoutArtist" time="97" />
  <testcase classname="BodyPartService_Test" name="makeData" time="215" />
  <testcase classname="BodyPartService_Test" name="testGetCorpseBodyParts" time="102" />
  <testcase classname="BodyPartService_Test" name="testGetLatestFile" time="590" />
  <testcase classname="BodyPartService_Test" name="testGetLatestFileWithNoFiles" time="18" />
  <testcase classname="BodyPartService_Test" name="testSaveFile" time="364" />
  <testcase classname="BodyPartService_Test" name="testSaveFileWithEmptyFileData" time="11" />
  <testcase classname="CorpseCreator_Test" name="makeData" time="94" />
  <testcase classname="CorpseCreator_Test" name="testGetCorpses" time="342" />
  <testcase classname="CorpseCreator_Test" name="testGetCorpsesWithInvalidUserList" time="36" />
  <testcase classname="TriggerHandler_Test" name="testAfterDelete" time="22" />
  <testcase classname="TriggerHandler_Test" name="testAfterInsert" time="6" />
  <testcase classname="TriggerHandler_Test" name="testAfterUndelete" time="6" />
  <testcase classname="TriggerHandler_Test" name="testAfterUpdate" time="5" />
  <testcase classname="TriggerHandler_Test" name="testBeforeDelete" time="4" />
  <testcase classname="TriggerHandler_Test" name="testBeforeInsert" time="4" />
  <testcase classname="TriggerHandler_Test" name="testBeforeUpdate" time="4" />
  <testcase classname="TriggerHandler_Test" name="testBypassAPI" time="6" />
  <testcase classname="TriggerHandler_Test" name="testGetHandlerName" time="4" />
  <testcase classname="TriggerHandler_Test" name="testLoopCount" time="4" />
  <testcase classname="TriggerHandler_Test" name="testLoopCountClass" time="4" />
  <testcase classname="TriggerHandler_Test" name="testNonTriggerContext" time="4" />
  <testcase classname="TriggerHandler_Test" name="testVirtualMethods" time="4" />
</testsuite>