<testsuite tests="29">
  <testcase classname="BodyPartCanvasController_Test" name="makeData" time="426" />
  <testcase classname="BodyPartCanvasController_Test" name="testSaveFile" time="675" />
  <testcase classname="BodyPartCompletionHandler_Test" name="makeData" time="305" />
  <testcase classname="BodyPartCompletionHandler_Test" name="testCompletedRecord" time="192" />
  <testcase classname="BodyPartNamer_Test" name="makeData" time="112" />
  <testcase classname="BodyPartNamer_Test" name="testAutoName" time="329" />
  <testcase classname="BodyPartNamer_Test" name="testAutoNameWithoutArtist" time="56" />
  <testcase classname="BodyPartService_Test" name="makeData" time="389" />
  <testcase classname="BodyPartService_Test" name="testGetCorpseBodyParts" time="152" />
  <testcase classname="BodyPartService_Test" name="testGetLatestFile" time="872" />
  <testcase classname="BodyPartService_Test" name="testGetLatestFileWithNoFiles" time="40" />
  <testcase classname="BodyPartService_Test" name="testSaveFile" time="537" />
  <testcase classname="BodyPartService_Test" name="testSaveFileWithEmptyFileData" time="30" />
  <testcase classname="CorpseCreator_Test" name="makeData" time="83" />
  <testcase classname="CorpseCreator_Test" name="testGetCorpses" time="310" />
  <testcase classname="CorpseCreator_Test" name="testGetCorpsesWithInvalidUserList" time="38" />
  <testcase classname="TriggerHandler_Test" name="testAfterDelete" time="31" />
  <testcase classname="TriggerHandler_Test" name="testAfterInsert" time="4" />
  <testcase classname="TriggerHandler_Test" name="testAfterUndelete" time="3" />
  <testcase classname="TriggerHandler_Test" name="testAfterUpdate" time="3" />
  <testcase classname="TriggerHandler_Test" name="testBeforeDelete" time="3" />
  <testcase classname="TriggerHandler_Test" name="testBeforeInsert" time="2" />
  <testcase classname="TriggerHandler_Test" name="testBeforeUpdate" time="3" />
  <testcase classname="TriggerHandler_Test" name="testBypassAPI" time="4" />
  <testcase classname="TriggerHandler_Test" name="testGetHandlerName" time="3" />
  <testcase classname="TriggerHandler_Test" name="testLoopCount" time="4" />
  <testcase classname="TriggerHandler_Test" name="testLoopCountClass" time="3" />
  <testcase classname="TriggerHandler_Test" name="testNonTriggerContext" time="3" />
  <testcase classname="TriggerHandler_Test" name="testVirtualMethods" time="2" />
</testsuite>