<testsuite tests="21">
  <testcase classname="BodyPartCanvasController_Test" name="makeData" time="444" />
  <testcase classname="BodyPartCanvasController_Test" name="testSaveFile" time="619" />
  <testcase classname="BodyPartNamer_Test" name="makeData" time="122" />
  <testcase classname="BodyPartNamer_Test" name="testAutoName" time="148" />
  <testcase classname="BodyPartNamer_Test" name="testAutoNameWithoutArtist" time="66" />
  <testcase classname="CorpseCreator_Test" name="makeData" time="98" />
  <testcase classname="CorpseCreator_Test" name="testGetCorpses" time="166" />
  <testcase classname="CorpseCreator_Test" name="testGetCorpsesWithInvalidUserList" time="22" />
  <testcase classname="TriggerHandler_Test" name="testAfterDelete" time="34" />
  <testcase classname="TriggerHandler_Test" name="testAfterInsert" time="2" />
  <testcase classname="TriggerHandler_Test" name="testAfterUndelete" time="2" />
  <testcase classname="TriggerHandler_Test" name="testAfterUpdate" time="2" />
  <testcase classname="TriggerHandler_Test" name="testBeforeDelete" time="2" />
  <testcase classname="TriggerHandler_Test" name="testBeforeInsert" time="1" />
  <testcase classname="TriggerHandler_Test" name="testBeforeUpdate" time="1" />
  <testcase classname="TriggerHandler_Test" name="testBypassAPI" time="2" />
  <testcase classname="TriggerHandler_Test" name="testGetHandlerName" time="2" />
  <testcase classname="TriggerHandler_Test" name="testLoopCount" time="2" />
  <testcase classname="TriggerHandler_Test" name="testLoopCountClass" time="2" />
  <testcase classname="TriggerHandler_Test" name="testNonTriggerContext" time="1" />
  <testcase classname="TriggerHandler_Test" name="testVirtualMethods" time="2" />
</testsuite>