<testsuite tests="29">
  <testcase classname="BodyPartCanvasController_Test" name="makeData" time="471" />
  <testcase classname="BodyPartCanvasController_Test" name="testSaveFile" time="692" />
  <testcase classname="BodyPartCompletionHandler_Test" name="makeData" time="476" />
  <testcase classname="BodyPartCompletionHandler_Test" name="testCompletedRecord" time="121" />
  <testcase classname="BodyPartNamer_Test" name="makeData" time="130" />
  <testcase classname="BodyPartNamer_Test" name="testAutoName" time="152" />
  <testcase classname="BodyPartNamer_Test" name="testAutoNameWithoutArtist" time="61" />
  <testcase classname="BodyPartService_Test" name="makeData" time="270" />
  <testcase classname="BodyPartService_Test" name="testGetCorpseBodyParts" time="85" />
  <testcase classname="BodyPartService_Test" name="testGetLatestFile" time="461" />
  <testcase classname="BodyPartService_Test" name="testGetLatestFileWithNoFiles" time="30" />
  <testcase classname="BodyPartService_Test" name="testSaveFile" time="505" />
  <testcase classname="BodyPartService_Test" name="testSaveFileWithEmptyFileData" time="25" />
  <testcase classname="CorpseCreator_Test" name="makeData" time="137" />
  <testcase classname="CorpseCreator_Test" name="testGetCorpses" time="294" />
  <testcase classname="CorpseCreator_Test" name="testGetCorpsesWithInvalidUserList" time="45" />
  <testcase classname="TriggerHandler_Test" name="testAfterDelete" time="30" />
  <testcase classname="TriggerHandler_Test" name="testAfterInsert" time="2" />
  <testcase classname="TriggerHandler_Test" name="testAfterUndelete" time="2" />
  <testcase classname="TriggerHandler_Test" name="testAfterUpdate" time="3" />
  <testcase classname="TriggerHandler_Test" name="testBeforeDelete" time="2" />
  <testcase classname="TriggerHandler_Test" name="testBeforeInsert" time="2" />
  <testcase classname="TriggerHandler_Test" name="testBeforeUpdate" time="3" />
  <testcase classname="TriggerHandler_Test" name="testBypassAPI" time="3" />
  <testcase classname="TriggerHandler_Test" name="testGetHandlerName" time="2" />
  <testcase classname="TriggerHandler_Test" name="testLoopCount" time="5" />
  <testcase classname="TriggerHandler_Test" name="testLoopCountClass" time="3" />
  <testcase classname="TriggerHandler_Test" name="testNonTriggerContext" time="3" />
  <testcase classname="TriggerHandler_Test" name="testVirtualMethods" time="3" />
</testsuite>