<testsuite tests="24">
  <testcase classname="BodyPartCanvasController_Test" name="makeData" time="257" />
  <testcase classname="BodyPartCanvasController_Test" name="testSaveFile" time="576" />
  <testcase classname="BodyPartNamer_Test" name="makeData" time="109" />
  <testcase classname="BodyPartNamer_Test" name="testAutoName" time="217" />
  <testcase classname="BodyPartNamer_Test" name="testAutoNameWithoutArtist" time="87" />
  <testcase classname="BodyPartService_Test" name="makeData" time="364" />
  <testcase classname="BodyPartService_Test" name="testSaveFile" time="601" />
  <testcase classname="BodyPartService_Test" name="testSaveFileWithEmptyFileData" time="21" />
  <testcase classname="CorpseCreator_Test" name="makeData" time="66" />
  <testcase classname="CorpseCreator_Test" name="testGetCorpses" time="172" />
  <testcase classname="CorpseCreator_Test" name="testGetCorpsesWithInvalidUserList" time="21" />
  <testcase classname="TriggerHandler_Test" name="testAfterDelete" time="31" />
  <testcase classname="TriggerHandler_Test" name="testAfterInsert" time="12" />
  <testcase classname="TriggerHandler_Test" name="testAfterUndelete" time="13" />
  <testcase classname="TriggerHandler_Test" name="testAfterUpdate" time="13" />
  <testcase classname="TriggerHandler_Test" name="testBeforeDelete" time="12" />
  <testcase classname="TriggerHandler_Test" name="testBeforeInsert" time="13" />
  <testcase classname="TriggerHandler_Test" name="testBeforeUpdate" time="12" />
  <testcase classname="TriggerHandler_Test" name="testBypassAPI" time="12" />
  <testcase classname="TriggerHandler_Test" name="testGetHandlerName" time="13" />
  <testcase classname="TriggerHandler_Test" name="testLoopCount" time="13" />
  <testcase classname="TriggerHandler_Test" name="testLoopCountClass" time="13" />
  <testcase classname="TriggerHandler_Test" name="testNonTriggerContext" time="14" />
  <testcase classname="TriggerHandler_Test" name="testVirtualMethods" time="13" />
</testsuite>