<testsuite tests="2">
  <testcase classname="BodyPartCanvasController_Test" name="makeData" time="391" />
  <testcase classname="BodyPartCanvasController_Test" name="testSaveFile" time="859" />
</testsuite>