<testsuite tests="2">
  <testcase classname="BodyPartCanvasController_Test" name="makeData" time="263" />
  <testcase classname="BodyPartCanvasController_Test" name="testSaveFile" time="474" />
</testsuite>