<testsuite tests="21">
  <testcase classname="BodyPartCanvasController_Test" name="makeData" time="278" />
  <testcase classname="BodyPartCanvasController_Test" name="testSaveFile" time="438" />
  <testcase classname="BodyPartNamer_Test" name="makeData" time="229" />
  <testcase classname="BodyPartNamer_Test" name="testAutoName" time="210" />
  <testcase classname="BodyPartNamer_Test" name="testAutoNameWithoutArtist" time="64" />
  <testcase classname="CorpseCreator_Test" name="makeData" time="111" />
  <testcase classname="CorpseCreator_Test" name="testGetCorpses" time="276" />
  <testcase classname="CorpseCreator_Test" name="testGetCorpsesWithInvalidUserList" time="54" />
  <testcase classname="TriggerHandler_Test" name="testAfterDelete" time="18" />
  <testcase classname="TriggerHandler_Test" name="testAfterInsert" time="2" />
  <testcase classname="TriggerHandler_Test" name="testAfterUndelete" time="3" />
  <testcase classname="TriggerHandler_Test" name="testAfterUpdate" time="2" />
  <testcase classname="TriggerHandler_Test" name="testBeforeDelete" time="2" />
  <testcase classname="TriggerHandler_Test" name="testBeforeInsert" time="2" />
  <testcase classname="TriggerHandler_Test" name="testBeforeUpdate" time="2" />
  <testcase classname="TriggerHandler_Test" name="testBypassAPI" time="2" />
  <testcase classname="TriggerHandler_Test" name="testGetHandlerName" time="1" />
  <testcase classname="TriggerHandler_Test" name="testLoopCount" time="3" />
  <testcase classname="TriggerHandler_Test" name="testLoopCountClass" time="1" />
  <testcase classname="TriggerHandler_Test" name="testNonTriggerContext" time="2" />
  <testcase classname="TriggerHandler_Test" name="testVirtualMethods" time="1" />
</testsuite>