<testsuite tests="1">
  <testcase classname="BodyPartCanvasController_Test" name="testSaveFile" time="5794" />
</testsuite>