<testsuite tests="21">
  <testcase classname="BodyPartCanvasController_Test" name="makeData" time="690" />
  <testcase classname="BodyPartCanvasController_Test" name="testSaveFile" time="583" />
  <testcase classname="BodyPartNamer_Test" name="makeData" time="118" />
  <testcase classname="BodyPartNamer_Test" name="testAutoName" time="194" />
  <testcase classname="BodyPartNamer_Test" name="testAutoNameWithoutArtist" time="100" />
  <testcase classname="CorpseCreator_Test" name="makeData" time="74" />
  <testcase classname="CorpseCreator_Test" name="testGetCorpses" time="205" />
  <testcase classname="CorpseCreator_Test" name="testGetCorpsesWithInvalidUserList" time="27" />
  <testcase classname="TriggerHandler_Test" name="testAfterDelete" time="35" />
  <testcase classname="TriggerHandler_Test" name="testAfterInsert" time="12" />
  <testcase classname="TriggerHandler_Test" name="testAfterUndelete" time="13" />
  <testcase classname="TriggerHandler_Test" name="testAfterUpdate" time="13" />
  <testcase classname="TriggerHandler_Test" name="testBeforeDelete" time="12" />
  <testcase classname="TriggerHandler_Test" name="testBeforeInsert" time="12" />
  <testcase classname="TriggerHandler_Test" name="testBeforeUpdate" time="14" />
  <testcase classname="TriggerHandler_Test" name="testBypassAPI" time="13" />
  <testcase classname="TriggerHandler_Test" name="testGetHandlerName" time="13" />
  <testcase classname="TriggerHandler_Test" name="testLoopCount" time="14" />
  <testcase classname="TriggerHandler_Test" name="testLoopCountClass" time="12" />
  <testcase classname="TriggerHandler_Test" name="testNonTriggerContext" time="12" />
  <testcase classname="TriggerHandler_Test" name="testVirtualMethods" time="13" />
</testsuite>