<testsuite tests="32">
  <testcase classname="BodyPartCanvasController_Test" name="makeData" time="319" />
  <testcase classname="BodyPartCanvasController_Test" name="testSaveFile" time="612" />
  <testcase classname="BodyPartCompletionHandler_Test" name="makeData" time="347" />
  <testcase classname="BodyPartCompletionHandler_Test" name="testCompletedRecord" time="133" />
  <testcase classname="BodyPartNamer_Test" name="makeData" time="99" />
  <testcase classname="BodyPartNamer_Test" name="testAutoName" time="133" />
  <testcase classname="BodyPartNamer_Test" name="testAutoNameWithoutArtist" time="77" />
  <testcase classname="BodyPartService_Test" name="makeData" time="516" />
  <testcase classname="BodyPartService_Test" name="testGetCorpseBodyParts" time="121" />
  <testcase classname="BodyPartService_Test" name="testGetLatestFile" time="589" />
  <testcase classname="BodyPartService_Test" name="testGetLatestFileWithNoFiles" time="33" />
  <testcase classname="BodyPartService_Test" name="testSaveFile" time="549" />
  <testcase classname="BodyPartService_Test" name="testSaveFileWithEmptyFileData" time="25" />
  <testcase classname="CorpseCreator_Test" name="makeData" time="80" />
  <testcase classname="CorpseCreator_Test" name="testGetCorpses" time="205" />
  <testcase classname="CorpseCreator_Test" name="testGetCorpsesWithInvalidUserList" time="36" />
  <testcase classname="ExquisiteCorpseService_Test" name="makeData" time="412" />
  <testcase classname="ExquisiteCorpseService_Test" name="testHandleCompletedCorpses" time="108" />
  <testcase classname="ExquisiteCorpseService_Test" name="testRenameBodyParts" time="115" />
  <testcase classname="TriggerHandler_Test" name="testAfterDelete" time="4" />
  <testcase classname="TriggerHandler_Test" name="testAfterInsert" time="2" />
  <testcase classname="TriggerHandler_Test" name="testAfterUndelete" time="2" />
  <testcase classname="TriggerHandler_Test" name="testAfterUpdate" time="2" />
  <testcase classname="TriggerHandler_Test" name="testBeforeDelete" time="2" />
  <testcase classname="TriggerHandler_Test" name="testBeforeInsert" time="1" />
  <testcase classname="TriggerHandler_Test" name="testBeforeUpdate" time="2" />
  <testcase classname="TriggerHandler_Test" name="testBypassAPI" time="2" />
  <testcase classname="TriggerHandler_Test" name="testGetHandlerName" time="2" />
  <testcase classname="TriggerHandler_Test" name="testLoopCount" time="2" />
  <testcase classname="TriggerHandler_Test" name="testLoopCountClass" time="2" />
  <testcase classname="TriggerHandler_Test" name="testNonTriggerContext" time="2" />
  <testcase classname="TriggerHandler_Test" name="testVirtualMethods" time="1" />
</testsuite>